Arguments: 
  C:\Program Files\nodejs\node.exe C:\Program Files (x86)\Yarn\bin\yarn.js add typescript -D

PATH: 
  D:\typescript\again-ts\js-base\2-7\node_modules\.bin;D:\typescript\again-ts\js-base\node_modules\.bin;D:\typescript\again-ts\node_modules\.bin;D:\typescript\node_modules\.bin;D:\node_modules\.bin;D:\soft\nodejs\node_modules\npm\node_modules\@npmcli\run-script\lib\node-gyp-bin;C:\Program Files (x86)\Common Files\Oracle\Java\javapath;C:\Program Files (x86)\Intel\iCLS Client\;C:\Program Files\Intel\iCLS Client\;C:\Windows\system32;C:\Windows;C:\Windows\System32\Wbem;C:\Windows\System32\WindowsPowerShell\v1.0\;C:\Program Files (x86)\Intel\Intel(R) Management Engine Components\DAL;C:\Program Files\Intel\Intel(R) Management Engine Components\DAL;C:\Program Files (x86)\Intel\Intel(R) Management Engine Components\IPT;C:\Program Files\Intel\Intel(R) Management Engine Components\IPT;C:\Program Files (x86)\NVIDIA Corporation\PhysX\Common;C:\WINDOWS\system32;C:\WINDOWS;C:\WINDOWS\System32\Wbem;C:\WINDOWS\System32\WindowsPowerShell\v1.0\;D:\soft\nvm;C:\Program Files\nodejs;C:\WINDOWS\System32\OpenSSH\;D:\soft\java\bin;D:\soft\javajre\bin;D:\soft\Microsoft VS Code\bin;C:\Program Files (x86)\Yarn\bin\;D:\MongoDB\Server\4.0\bin;D:\mySql\bin;D:\soft\GnuWin32\bin;D:\soft\redis\;C:\Program Files\Intel\WiFi\bin\;C:\Program Files\Common Files\Intel\WirelessCommon\;C:\ProgramData\chocolatey\bin;C:\Program Files\Git;D:\soft\nodejs\;D:\soft\Ruby27-x64\bin;C:\Users\赵安东\AppData\Local\Programs\Python\Python37\Scripts\;C:\Users\赵安东\AppData\Local\Programs\Python\Python37\;C:\Users\赵安东\AppData\Local\Microsoft\WindowsApps;C:\Users\赵安东\AppData\Local\atom\bin;C:\Users\赵安东\AppData\Local\Microsoft\WindowsApps;D:\soft\Microsoft VS Code2\bin;C:\Users\赵安东\AppData\Local\Yarn\bin;D:\soft\ffmpeg\bin;C:\Users\赵安东\AppData\Roaming\npm

Yarn version: 
  1.12.1

Node version: 
  12.16.2

Platform: 
  win32 x64

Trace: 
  TypeError: Cannot create property 'npmjs' on string 'https://registry.npm.taobao.org/'
      at set (C:\Program Files (x86)\Yarn\lib\cli.js:68096:28)
      at set (C:\Program Files (x86)\Yarn\lib\cli.js:68100:14)
      at set (C:\Program Files (x86)\Yarn\lib\cli.js:68080:16)
      at Function.objectPath.set (C:\Program Files (x86)\Yarn\lib\cli.js:68133:14)
      at NpmRegistry.mergeEnv (C:\Program Files (x86)\Yarn\lib\cli.js:84310:18)
      at NpmRegistry.<anonymous> (C:\Program Files (x86)\Yarn\lib\cli.js:30182:12)
      at Generator.next (<anonymous>)
      at step (C:\Program Files (x86)\Yarn\lib\cli.js:92:30)
      at C:\Program Files (x86)\Yarn\lib\cli.js:110:14
      at new Promise (<anonymous>)

npm manifest: 
  {
    "name": "2-7",
    "version": "1.0.0",
    "description": "",
    "main": "index.js",
    "scripts": {
      "startparcel": "parcel ./index.html",
      "start": "nodemon --watch src/ -e ts -x ts-node ./src/index.ts"
    },
    "keywords": [],
    "author": "",
    "license": "ISC",
    "devDependencies": {
      "parcel-bundler": "^1.12.5"
    }
  }

yarn manifest: 
  No manifest

Lockfile: 
  No lockfile
